2023-05-02 21:03:17,506 [Worker-5: Loading available Gradle versions] INFO  o.e.b.c.i.u.g.PublishedGradleVersions - Gradle version information cache is not available. Remote download required.
2023-05-02 21:08:05,805 [Worker-1: Loading available Gradle versions] INFO  o.e.b.c.i.u.g.PublishedGradleVersions - Gradle version information cache is up-to-date. Trying to read.
2023-05-03 16:47:32,596 [Worker-2: Loading available Gradle versions] INFO  o.e.b.c.i.u.g.PublishedGradleVersions - Gradle version information cache is up-to-date. Trying to read.
2023-05-03 17:00:26,439 [Worker-2: Loading available Gradle versions] INFO  o.e.b.c.i.u.g.PublishedGradleVersions - Gradle version information cache is up-to-date. Trying to read.
2023-05-03 17:25:00,969 [Worker-1: Loading available Gradle versions] INFO  o.e.b.c.i.u.g.PublishedGradleVersions - Gradle version information cache is up-to-date. Trying to read.
2023-05-03 17:26:34,215 [Worker-0: Loading available Gradle versions] INFO  o.e.b.c.i.u.g.PublishedGradleVersions - Gradle version information cache is up-to-date. Trying to read.
2023-05-03 17:28:34,536 [Worker-0: Loading available Gradle versions] INFO  o.e.b.c.i.u.g.PublishedGradleVersions - Gradle version information cache is up-to-date. Trying to read.
2023-05-03 17:30:55,145 [Worker-0: Loading available Gradle versions] INFO  o.e.b.c.i.u.g.PublishedGradleVersions - Gradle version information cache is up-to-date. Trying to read.
2023-05-03 17:32:54,426 [Worker-1: Loading available Gradle versions] INFO  o.e.b.c.i.u.g.PublishedGradleVersions - Gradle version information cache is up-to-date. Trying to read.
2023-05-03 18:41:34,402 [Worker-2: Loading available Gradle versions] INFO  o.e.b.c.i.u.g.PublishedGradleVersions - Gradle version information cache is up-to-date. Trying to read.
2023-05-03 19:35:46,622 [Start Help Server] INFO  org.eclipse.jetty.server.Server - jetty-10.0.13; built: 2022-12-07T20:13:20.134Z; git: 1c2636ea05c0ca8de1ffd6ca7f3a98ac084c766d; jvm 17.0.7+7
2023-05-03 19:35:46,994 [Start Help Server] INFO  o.e.j.s.s.DefaultSessionIdManager - Session workerName=node0
2023-05-03 19:35:47,342 [Start Help Server] INFO  o.e.j.server.handler.ContextHandler - Started o.e.j.s.ServletContextHandler@f74dca4{/help,null,AVAILABLE}
2023-05-03 19:35:47,496 [Start Help Server] INFO  o.e.jetty.server.AbstractConnector - Started ServerConnector@559682d0{HTTP/1.1, (http/1.1)}{127.0.0.1:55712}
2023-05-03 19:35:47,821 [Start Help Server] INFO  org.eclipse.jetty.server.Server - Started Server@69812364{STARTING}[10.0.13,sto=0] @3306887ms
2023-05-03 20:06:03,805 [Stop Help Server] INFO  org.eclipse.jetty.server.Server - Stopped Server@69812364{STOPPING}[10.0.13,sto=0]
2023-05-03 20:06:03,870 [Stop Help Server] INFO  o.e.jetty.server.AbstractConnector - Stopped ServerConnector@559682d0{HTTP/1.1, (http/1.1)}{127.0.0.1:0}
2023-05-03 20:06:05,577 [Stop Help Server] INFO  o.e.j.server.handler.ContextHandler - Stopped o.e.j.s.ServletContextHandler@f74dca4{/help,null,STOPPED}
2023-05-04 15:19:25,327 [Worker-4: Loading available Gradle versions] INFO  o.e.b.c.i.u.g.PublishedGradleVersions - Gradle version information cache is out-of-date. Trying to update.
2023-05-08 18:21:22,541 [Worker-2: Loading available Gradle versions] INFO  o.e.b.c.i.u.g.PublishedGradleVersions - Gradle version information cache is out-of-date. Trying to update.
2023-05-08 21:33:54,718 [Start Help Server] INFO  org.eclipse.jetty.server.Server - jetty-10.0.13; built: 2022-12-07T20:13:20.134Z; git: 1c2636ea05c0ca8de1ffd6ca7f3a98ac084c766d; jvm 17.0.7+7
2023-05-08 21:33:54,860 [Start Help Server] INFO  o.e.j.s.s.DefaultSessionIdManager - Session workerName=node0
2023-05-08 21:33:54,982 [Start Help Server] INFO  o.e.j.server.handler.ContextHandler - Started o.e.j.s.ServletContextHandler@b077e6a{/help,null,AVAILABLE}
2023-05-08 21:33:55,128 [Start Help Server] INFO  o.e.jetty.server.AbstractConnector - Started ServerConnector@63b3ee61{HTTP/1.1, (http/1.1)}{127.0.0.1:55278}
2023-05-08 21:33:55,234 [Start Help Server] INFO  org.eclipse.jetty.server.Server - Started Server@3fc04f06{STARTING}[10.0.13,sto=0] @11606997ms
2023-05-08 22:14:11,758 [Stop Help Server] INFO  org.eclipse.jetty.server.Server - Stopped Server@3fc04f06{STOPPING}[10.0.13,sto=0]
2023-05-08 22:14:11,772 [Stop Help Server] INFO  o.e.jetty.server.AbstractConnector - Stopped ServerConnector@63b3ee61{HTTP/1.1, (http/1.1)}{127.0.0.1:0}
2023-05-08 22:14:11,836 [Stop Help Server] INFO  o.e.j.server.handler.ContextHandler - Stopped o.e.j.s.ServletContextHandler@b077e6a{/help,null,STOPPED}
2023-05-09 16:01:14,757 [Worker-0: Loading available Gradle versions] INFO  o.e.b.c.i.u.g.PublishedGradleVersions - Gradle version information cache is up-to-date. Trying to read.
2023-05-09 20:17:11,646 [Worker-0: Loading available Gradle versions] INFO  o.e.b.c.i.u.g.PublishedGradleVersions - Gradle version information cache is out-of-date. Trying to update.
2023-05-09 20:31:05,405 [Worker-1: Loading available Gradle versions] INFO  o.e.b.c.i.u.g.PublishedGradleVersions - Gradle version information cache is up-to-date. Trying to read.
2023-05-09 20:31:43,084 [Worker-1: Loading available Gradle versions] INFO  o.e.b.c.i.u.g.PublishedGradleVersions - Gradle version information cache is up-to-date. Trying to read.
2023-05-09 20:32:10,234 [Worker-0: Loading available Gradle versions] INFO  o.e.b.c.i.u.g.PublishedGradleVersions - Gradle version information cache is up-to-date. Trying to read.
